<?xml version="1.0" encoding="UTF-8"?>
<!-- Generated by org.testng.reporters.JUnitXMLReporter -->
<testsuite ignored="1" hostname="DESKTOP-KEGK5F9" failures="0" tests="5" name="Test" time="118.024" errors="0" timestamp="2022-06-25T21:16:27 IST">
  <testcase classname="com.Mystore.Testcases.TC_MyAccountPageTest" name="VerifyLogin" time="9.34"/>
  <testcase classname="com.Mystore.Testcases.TC_MyAccountPageTest" name="VerifySignOut" time="16.269"/>
  <testcase classname="com.Mystore.Testcases.TC_ProductPageTest" name="VerifyBuyProduct" time="46.341"/>
  <testcase classname="com.Mystore.Testcases.TC_ProductPageTest" name="VerifySearchProduct" time="7.167"/>
  <testcase classname="com.Mystore.Testcases.TC_ProductPageTest" name="verifyAddToWishlistWithoutLogin" time="7.268"/>
  <testcase classname="com.Mystore.Testcases.TC_MyAccountPageTest" name="verifyRegistrationAndLogin" time="0.0">
    <ignored/>
  </testcase> <!-- verifyRegistrationAndLogin -->
</testsuite> <!-- Test -->
