<?xml version="1.0" encoding="UTF-8"?>
<!-- Generated by org.testng.reporters.JUnitXMLReporter -->
<testsuite ignored="2" hostname="DESKTOP-KEGK5F9" failures="0" tests="1" name="Test(failed)" time="70.69" errors="0" timestamp="2022-07-16T16:43:08 IST">
  <testcase classname="com.Mystore.Testcases.TC_MyAccountPageTest" name="VerifySignOut" time="46.493"/>
  <testcase classname="com.Mystore.Testcases.TC_MyAccountPageTest" name="verifyRegistrationAndLogin" time="0.0">
    <ignored/>
  </testcase> <!-- verifyRegistrationAndLogin -->
  <testcase classname="com.Mystore.Testcases.TC_MyAccountPageTest" name="VerifyLogin" time="0.0">
    <ignored/>
  </testcase> <!-- VerifyLogin -->
</testsuite> <!-- Test(failed) -->
