<?xml version="1.0" encoding="UTF-8"?>
<testng-results ignored="1" total="6" passed="5" failed="0" skipped="0">
  <reporter-output>
  </reporter-output>
  <suite started-at="2022-06-25T21:43:12 IST" name="Suite" finished-at="2022-06-25T21:45:11 IST" duration-ms="118781">
    <groups>
    </groups>
    <test started-at="2022-06-25T21:43:12 IST" name="Test" finished-at="2022-06-25T21:45:11 IST" duration-ms="118781">
      <class name="com.Mystore.Testcases.TC_MyAccountPageTest">
        <test-method is-config="true" signature="setup()[pri:0, instance:com.Mystore.Testcases.TC_MyAccountPageTest@76508ed1]" started-at="2022-06-25T21:43:13 IST" name="setup" finished-at="2022-06-25T21:43:32 IST" duration-ms="18987" status="PASS">
          <reporter-output>
          </reporter-output>
        </test-method> <!-- setup -->
        <test-method signature="VerifyLogin()[pri:0, instance:com.Mystore.Testcases.TC_MyAccountPageTest@76508ed1]" started-at="2022-06-25T21:43:32 IST" name="VerifyLogin" finished-at="2022-06-25T21:43:41 IST" duration-ms="9566" status="PASS">
          <reporter-output>
          </reporter-output>
        </test-method> <!-- VerifyLogin -->
        <test-method signature="VerifySignOut()[pri:0, instance:com.Mystore.Testcases.TC_MyAccountPageTest@76508ed1]" started-at="2022-06-25T21:43:41 IST" name="VerifySignOut" finished-at="2022-06-25T21:43:53 IST" duration-ms="11955" status="PASS">
          <reporter-output>
          </reporter-output>
        </test-method> <!-- VerifySignOut -->
        <test-method is-config="true" signature="tearDown()[pri:0, instance:com.Mystore.Testcases.TC_MyAccountPageTest@76508ed1]" started-at="2022-06-25T21:43:53 IST" name="tearDown" finished-at="2022-06-25T21:43:54 IST" duration-ms="268" status="PASS">
          <reporter-output>
          </reporter-output>
        </test-method> <!-- tearDown -->
      </class> <!-- com.Mystore.Testcases.TC_MyAccountPageTest -->
      <class name="com.Mystore.Testcases.TC_ProductPageTest">
        <test-method is-config="true" signature="setup()[pri:0, instance:com.Mystore.Testcases.TC_ProductPageTest@3daa422a]" started-at="2022-06-25T21:43:54 IST" name="setup" finished-at="2022-06-25T21:44:08 IST" duration-ms="14627" status="PASS">
          <reporter-output>
          </reporter-output>
        </test-method> <!-- setup -->
        <test-method signature="VerifyBuyProduct()[pri:0, instance:com.Mystore.Testcases.TC_ProductPageTest@3daa422a]" started-at="2022-06-25T21:44:08 IST" name="VerifyBuyProduct" finished-at="2022-06-25T21:44:57 IST" duration-ms="48901" status="PASS">
          <reporter-output>
          </reporter-output>
        </test-method> <!-- VerifyBuyProduct -->
        <test-method signature="VerifySearchProduct()[pri:0, instance:com.Mystore.Testcases.TC_ProductPageTest@3daa422a]" started-at="2022-06-25T21:44:57 IST" name="VerifySearchProduct" finished-at="2022-06-25T21:45:05 IST" duration-ms="8070" status="PASS">
          <reporter-output>
          </reporter-output>
        </test-method> <!-- VerifySearchProduct -->
        <test-method signature="verifyAddToWishlistWithoutLogin()[pri:0, instance:com.Mystore.Testcases.TC_ProductPageTest@3daa422a]" started-at="2022-06-25T21:45:05 IST" name="verifyAddToWishlistWithoutLogin" finished-at="2022-06-25T21:45:11 IST" duration-ms="5850" status="PASS">
          <reporter-output>
          </reporter-output>
        </test-method> <!-- verifyAddToWishlistWithoutLogin -->
        <test-method is-config="true" signature="tearDown()[pri:0, instance:com.Mystore.Testcases.TC_ProductPageTest@3daa422a]" started-at="2022-06-25T21:45:11 IST" name="tearDown" finished-at="2022-06-25T21:45:11 IST" duration-ms="238" status="PASS">
          <reporter-output>
          </reporter-output>
        </test-method> <!-- tearDown -->
      </class> <!-- com.Mystore.Testcases.TC_ProductPageTest -->
    </test> <!-- Test -->
  </suite> <!-- Suite -->
</testng-results>
