<?xml version="1.0" encoding="UTF-8"?>
<testng-results ignored="1" total="6" passed="4" failed="1" skipped="0">
  <reporter-output>
  </reporter-output>
  <suite started-at="2022-07-07T22:01:08 IST" name="Suite" finished-at="2022-07-07T22:03:30 IST" duration-ms="141929">
    <groups>
    </groups>
    <test started-at="2022-07-07T22:01:08 IST" name="Test" finished-at="2022-07-07T22:03:30 IST" duration-ms="141929">
      <class name="com.Mystore.Testcases.TC_MyAccountPageTest">
        <test-method is-config="true" signature="setup()[pri:0, instance:com.Mystore.Testcases.TC_MyAccountPageTest@7e07db1f]" started-at="2022-07-07T22:01:08 IST" name="setup" finished-at="2022-07-07T22:01:23 IST" duration-ms="14727" status="PASS">
          <reporter-output>
          </reporter-output>
        </test-method> <!-- setup -->
        <test-method signature="VerifyLogin()[pri:0, instance:com.Mystore.Testcases.TC_MyAccountPageTest@7e07db1f]" started-at="2022-07-07T22:01:23 IST" name="VerifyLogin" finished-at="2022-07-07T22:01:32 IST" duration-ms="9565" status="PASS">
          <reporter-output>
          </reporter-output>
        </test-method> <!-- VerifyLogin -->
        <test-method signature="VerifySignOut()[pri:0, instance:com.Mystore.Testcases.TC_MyAccountPageTest@7e07db1f]" started-at="2022-07-07T22:01:32 IST" name="VerifySignOut" finished-at="2022-07-07T22:01:43 IST" duration-ms="10118" status="FAIL">
          <exception class="org.openqa.selenium.NoSuchElementException">
            <message>
              <![CDATA[no such element: Unable to locate element: {"method":"link text","selector":"Sign in"}
  (Session info: chrome=103.0.5060.114)
For documentation on this error, please visit: https://selenium.dev/exceptions/#no_such_element
Build info: version: '4.1.1', revision: 'e8fcc2cecf'
System info: host: 'DESKTOP-KEGK5F9', ip: '192.168.43.10', os.name: 'Windows 10', os.arch: 'amd64', os.version: '10.0', java.version: '17.0.1'
Driver info: org.openqa.selenium.chrome.ChromeDriver
Command: [684029bdab88ec64d10d0b7e3494a4f7, findElement {using=link text, value=Sign in}]
Capabilities {acceptInsecureCerts: false, browserName: chrome, browserVersion: 103.0.5060.114, chrome: {chromedriverVersion: 103.0.5060.53 (a1711811edd7..., userDataDir: C:\Users\amitb\AppData\Loca...}, goog:chromeOptions: {debuggerAddress: localhost:50352}, javascriptEnabled: true, networkConnectionEnabled: false, pageLoadStrategy: normal, platform: WINDOWS, platformName: WINDOWS, proxy: Proxy(), se:cdp: ws://localhost:50352/devtoo..., se:cdpVersion: 103.0.5060.114, setWindowRect: true, strictFileInteractability: false, timeouts: {implicit: 0, pageLoad: 300000, script: 30000}, unhandledPromptBehavior: dismiss and notify, webauthn:extension:credBlob: true, webauthn:extension:largeBlob: true, webauthn:virtualAuthenticators: true}
Session ID: 684029bdab88ec64d10d0b7e3494a4f7]]>
            </message>
            <full-stacktrace>
              <![CDATA[org.openqa.selenium.NoSuchElementException: no such element: Unable to locate element: {"method":"link text","selector":"Sign in"}
  (Session info: chrome=103.0.5060.114)
For documentation on this error, please visit: https://selenium.dev/exceptions/#no_such_element
Build info: version: '4.1.1', revision: 'e8fcc2cecf'
System info: host: 'DESKTOP-KEGK5F9', ip: '192.168.43.10', os.name: 'Windows 10', os.arch: 'amd64', os.version: '10.0', java.version: '17.0.1'
Driver info: org.openqa.selenium.chrome.ChromeDriver
Command: [684029bdab88ec64d10d0b7e3494a4f7, findElement {using=link text, value=Sign in}]
Capabilities {acceptInsecureCerts: false, browserName: chrome, browserVersion: 103.0.5060.114, chrome: {chromedriverVersion: 103.0.5060.53 (a1711811edd7..., userDataDir: C:\Users\amitb\AppData\Loca...}, goog:chromeOptions: {debuggerAddress: localhost:50352}, javascriptEnabled: true, networkConnectionEnabled: false, pageLoadStrategy: normal, platform: WINDOWS, platformName: WINDOWS, proxy: Proxy(), se:cdp: ws://localhost:50352/devtoo..., se:cdpVersion: 103.0.5060.114, setWindowRect: true, strictFileInteractability: false, timeouts: {implicit: 0, pageLoad: 300000, script: 30000}, unhandledPromptBehavior: dismiss and notify, webauthn:extension:credBlob: true, webauthn:extension:largeBlob: true, webauthn:virtualAuthenticators: true}
Session ID: 684029bdab88ec64d10d0b7e3494a4f7
at java.base/jdk.internal.reflect.NativeConstructorAccessorImpl.newInstance0(Native Method)
at java.base/jdk.internal.reflect.NativeConstructorAccessorImpl.newInstance(NativeConstructorAccessorImpl.java:77)
at java.base/jdk.internal.reflect.DelegatingConstructorAccessorImpl.newInstance(DelegatingConstructorAccessorImpl.java:45)
at java.base/java.lang.reflect.Constructor.newInstanceWithCaller(Constructor.java:499)
at java.base/java.lang.reflect.Constructor.newInstance(Constructor.java:480)
at org.openqa.selenium.remote.codec.w3c.W3CHttpResponseCodec.createException(W3CHttpResponseCodec.java:200)
at org.openqa.selenium.remote.codec.w3c.W3CHttpResponseCodec.decode(W3CHttpResponseCodec.java:133)
at org.openqa.selenium.remote.codec.w3c.W3CHttpResponseCodec.decode(W3CHttpResponseCodec.java:53)
at org.openqa.selenium.remote.HttpCommandExecutor.execute(HttpCommandExecutor.java:184)
at org.openqa.selenium.remote.service.DriverCommandExecutor.invokeExecute(DriverCommandExecutor.java:167)
at org.openqa.selenium.remote.service.DriverCommandExecutor.execute(DriverCommandExecutor.java:142)
at org.openqa.selenium.remote.RemoteWebDriver.execute(RemoteWebDriver.java:543)
at org.openqa.selenium.remote.ElementLocation$ElementFinder$2.findElement(ElementLocation.java:162)
at org.openqa.selenium.remote.ElementLocation.findElement(ElementLocation.java:60)
at org.openqa.selenium.remote.RemoteWebDriver.findElement(RemoteWebDriver.java:367)
at org.openqa.selenium.remote.RemoteWebDriver.findElement(RemoteWebDriver.java:359)
at org.openqa.selenium.support.pagefactory.DefaultElementLocator.findElement(DefaultElementLocator.java:70)
at org.openqa.selenium.support.pagefactory.internal.LocatingElementHandler.invoke(LocatingElementHandler.java:39)
at jdk.proxy2/jdk.proxy2.$Proxy32.click(Unknown Source)
at com.Mystore.pageobject.IndexPage.clickOnSignIn(IndexPage.java:33)
at com.Mystore.Testcases.TC_MyAccountPageTest.VerifySignOut(TC_MyAccountPageTest.java:122)
at java.base/jdk.internal.reflect.NativeMethodAccessorImpl.invoke0(Native Method)
at java.base/jdk.internal.reflect.NativeMethodAccessorImpl.invoke(NativeMethodAccessorImpl.java:77)
at java.base/jdk.internal.reflect.DelegatingMethodAccessorImpl.invoke(DelegatingMethodAccessorImpl.java:43)
at java.base/java.lang.reflect.Method.invoke(Method.java:568)
at org.testng.internal.MethodInvocationHelper.invokeMethod(MethodInvocationHelper.java:133)
at org.testng.internal.TestInvoker.invokeMethod(TestInvoker.java:598)
at org.testng.internal.TestInvoker.invokeTestMethod(TestInvoker.java:173)
at org.testng.internal.MethodRunner.runInSequence(MethodRunner.java:46)
at org.testng.internal.TestInvoker$MethodInvocationAgent.invoke(TestInvoker.java:824)
at org.testng.internal.TestInvoker.invokeTestMethods(TestInvoker.java:146)
at org.testng.internal.TestMethodWorker.invokeTestMethods(TestMethodWorker.java:146)
at org.testng.internal.TestMethodWorker.run(TestMethodWorker.java:128)
at java.base/java.util.ArrayList.forEach(ArrayList.java:1511)
at org.testng.TestRunner.privateRun(TestRunner.java:794)
at org.testng.TestRunner.run(TestRunner.java:596)
at org.testng.SuiteRunner.runTest(SuiteRunner.java:377)
at org.testng.SuiteRunner.runSequentially(SuiteRunner.java:371)
at org.testng.SuiteRunner.privateRun(SuiteRunner.java:332)
at org.testng.SuiteRunner.run(SuiteRunner.java:276)
at org.testng.SuiteRunnerWorker.runSuite(SuiteRunnerWorker.java:53)
at org.testng.SuiteRunnerWorker.run(SuiteRunnerWorker.java:96)
at org.testng.TestNG.runSuitesSequentially(TestNG.java:1212)
at org.testng.TestNG.runSuitesLocally(TestNG.java:1134)
at org.testng.TestNG.runSuites(TestNG.java:1063)
at org.testng.TestNG.run(TestNG.java:1031)
at org.testng.remote.AbstractRemoteTestNG.run(AbstractRemoteTestNG.java:115)
at org.testng.remote.RemoteTestNG.initAndRun(RemoteTestNG.java:251)
at org.testng.remote.RemoteTestNG.main(RemoteTestNG.java:77)
]]>
            </full-stacktrace>
          </exception> <!-- org.openqa.selenium.NoSuchElementException -->
          <reporter-output>
          </reporter-output>
        </test-method> <!-- VerifySignOut -->
        <test-method is-config="true" signature="tearDown()[pri:0, instance:com.Mystore.Testcases.TC_MyAccountPageTest@7e07db1f]" started-at="2022-07-07T22:01:43 IST" name="tearDown" finished-at="2022-07-07T22:01:43 IST" duration-ms="276" status="PASS">
          <reporter-output>
          </reporter-output>
        </test-method> <!-- tearDown -->
      </class> <!-- com.Mystore.Testcases.TC_MyAccountPageTest -->
      <class name="com.Mystore.Testcases.TC_ProductPageTest">
        <test-method is-config="true" signature="setup()[pri:0, instance:com.Mystore.Testcases.TC_ProductPageTest@8f4ea7c]" started-at="2022-07-07T22:01:43 IST" name="setup" finished-at="2022-07-07T22:01:56 IST" duration-ms="13141" status="PASS">
          <reporter-output>
          </reporter-output>
        </test-method> <!-- setup -->
        <test-method signature="VerifyBuyProduct()[pri:0, instance:com.Mystore.Testcases.TC_ProductPageTest@8f4ea7c]" started-at="2022-07-07T22:01:56 IST" name="VerifyBuyProduct" finished-at="2022-07-07T22:02:52 IST" duration-ms="56153" status="PASS">
          <reporter-output>
          </reporter-output>
        </test-method> <!-- VerifyBuyProduct -->
        <test-method signature="VerifySearchProduct()[pri:0, instance:com.Mystore.Testcases.TC_ProductPageTest@8f4ea7c]" started-at="2022-07-07T22:02:52 IST" name="VerifySearchProduct" finished-at="2022-07-07T22:03:09 IST" duration-ms="17331" status="PASS">
          <reporter-output>
          </reporter-output>
        </test-method> <!-- VerifySearchProduct -->
        <test-method signature="verifyAddToWishlistWithoutLogin()[pri:0, instance:com.Mystore.Testcases.TC_ProductPageTest@8f4ea7c]" started-at="2022-07-07T22:03:09 IST" name="verifyAddToWishlistWithoutLogin" finished-at="2022-07-07T22:03:30 IST" duration-ms="20052" status="PASS">
          <reporter-output>
          </reporter-output>
        </test-method> <!-- verifyAddToWishlistWithoutLogin -->
        <test-method is-config="true" signature="tearDown()[pri:0, instance:com.Mystore.Testcases.TC_ProductPageTest@8f4ea7c]" started-at="2022-07-07T22:03:30 IST" name="tearDown" finished-at="2022-07-07T22:03:30 IST" duration-ms="262" status="PASS">
          <reporter-output>
          </reporter-output>
        </test-method> <!-- tearDown -->
      </class> <!-- com.Mystore.Testcases.TC_ProductPageTest -->
    </test> <!-- Test -->
  </suite> <!-- Suite -->
</testng-results>
