<?xml version="1.0" encoding="UTF-8"?>
<testng-results ignored="1" total="6" passed="5" failed="0" skipped="0">
  <reporter-output>
  </reporter-output>
  <suite started-at="2022-06-25T21:14:29 IST" name="Suite" finished-at="2022-06-25T21:16:27 IST" duration-ms="118024">
    <groups>
    </groups>
    <test started-at="2022-06-25T21:14:29 IST" name="Test" finished-at="2022-06-25T21:16:27 IST" duration-ms="118024">
      <class name="com.Mystore.Testcases.TC_MyAccountPageTest">
        <test-method is-config="true" signature="setup()[pri:0, instance:com.Mystore.Testcases.TC_MyAccountPageTest@7e07db1f]" started-at="2022-06-25T21:14:29 IST" name="setup" finished-at="2022-06-25T21:14:49 IST" duration-ms="19599" status="PASS">
          <reporter-output>
          </reporter-output>
        </test-method> <!-- setup -->
        <test-method signature="VerifyLogin()[pri:0, instance:com.Mystore.Testcases.TC_MyAccountPageTest@7e07db1f]" started-at="2022-06-25T21:14:49 IST" name="VerifyLogin" finished-at="2022-06-25T21:14:58 IST" duration-ms="9340" status="PASS">
          <reporter-output>
          </reporter-output>
        </test-method> <!-- VerifyLogin -->
        <test-method signature="VerifySignOut()[pri:0, instance:com.Mystore.Testcases.TC_MyAccountPageTest@7e07db1f]" started-at="2022-06-25T21:14:58 IST" name="VerifySignOut" finished-at="2022-06-25T21:15:15 IST" duration-ms="16269" status="PASS">
          <reporter-output>
          </reporter-output>
        </test-method> <!-- VerifySignOut -->
        <test-method is-config="true" signature="tearDown()[pri:0, instance:com.Mystore.Testcases.TC_MyAccountPageTest@7e07db1f]" started-at="2022-06-25T21:15:15 IST" name="tearDown" finished-at="2022-06-25T21:15:15 IST" duration-ms="372" status="PASS">
          <reporter-output>
          </reporter-output>
        </test-method> <!-- tearDown -->
      </class> <!-- com.Mystore.Testcases.TC_MyAccountPageTest -->
      <class name="com.Mystore.Testcases.TC_ProductPageTest">
        <test-method is-config="true" signature="setup()[pri:0, instance:com.Mystore.Testcases.TC_ProductPageTest@8f4ea7c]" started-at="2022-06-25T21:15:15 IST" name="setup" finished-at="2022-06-25T21:15:26 IST" duration-ms="10925" status="PASS">
          <reporter-output>
          </reporter-output>
        </test-method> <!-- setup -->
        <test-method signature="VerifyBuyProduct()[pri:0, instance:com.Mystore.Testcases.TC_ProductPageTest@8f4ea7c]" started-at="2022-06-25T21:15:26 IST" name="VerifyBuyProduct" finished-at="2022-06-25T21:16:12 IST" duration-ms="46341" status="PASS">
          <reporter-output>
          </reporter-output>
        </test-method> <!-- VerifyBuyProduct -->
        <test-method signature="VerifySearchProduct()[pri:0, instance:com.Mystore.Testcases.TC_ProductPageTest@8f4ea7c]" started-at="2022-06-25T21:16:12 IST" name="VerifySearchProduct" finished-at="2022-06-25T21:16:20 IST" duration-ms="7167" status="PASS">
          <reporter-output>
          </reporter-output>
        </test-method> <!-- VerifySearchProduct -->
        <test-method signature="verifyAddToWishlistWithoutLogin()[pri:0, instance:com.Mystore.Testcases.TC_ProductPageTest@8f4ea7c]" started-at="2022-06-25T21:16:20 IST" name="verifyAddToWishlistWithoutLogin" finished-at="2022-06-25T21:16:27 IST" duration-ms="7268" status="PASS">
          <reporter-output>
          </reporter-output>
        </test-method> <!-- verifyAddToWishlistWithoutLogin -->
        <test-method is-config="true" signature="tearDown()[pri:0, instance:com.Mystore.Testcases.TC_ProductPageTest@8f4ea7c]" started-at="2022-06-25T21:16:27 IST" name="tearDown" finished-at="2022-06-25T21:16:27 IST" duration-ms="372" status="PASS">
          <reporter-output>
          </reporter-output>
        </test-method> <!-- tearDown -->
      </class> <!-- com.Mystore.Testcases.TC_ProductPageTest -->
    </test> <!-- Test -->
  </suite> <!-- Suite -->
</testng-results>
